生成启动时间为 2017/11/13 16:38:55。
     1>项目“D:\Output\VS_output\Toolbox\Toolbox_KalmanTracker_OpenCV2.4.9\liKalmanTracker_v1.0.3\liKalmanTracker\liKalmanTracker.vcxproj”在节点 2 上(Build 个目标)。
     1>ClCompile:
         C:\Program Files (x86)\Microsoft Visual Studio 12.0\VC\bin\CL.exe /c /ZI /nologo /W3 /WX- /sdl /Od /Oy- /D WIN32 /D _DEBUG /D _CONSOLE /D _LIB /D _UNICODE /D UNICODE /Gm /EHsc /RTC1 /MDd /GS /fp:precise /Zc:wchar_t /Zc:forScope /Fo"Debug\\" /Fd"Debug\vc120.pdb" /Gd /TP /analyze- /errorReport:prompt liKalmanTracker.cpp main.cpp
         main.cpp
     1>d:\output\vs_output\toolbox\toolbox_kalmantracker_opencv2.4.9\likalmantracker_v1.0.3\likalmantracker\main.cpp(84): warning C4018: “<”: 有符号/无符号不匹配
         liKalmanTracker.cpp
     1>d:\output\vs_output\toolbox\toolbox_kalmantracker_opencv2.4.9\likalmantracker_v1.0.3\likalmantracker\likalmantracker.cpp(60): warning C4244: “+=”: 从“double”转换到“float”，可能丢失数据
     1>d:\output\vs_output\toolbox\toolbox_kalmantracker_opencv2.4.9\likalmantracker_v1.0.3\likalmantracker\likalmantracker.cpp(209): warning C4018: “<”: 有符号/无符号不匹配
     1>d:\output\vs_output\toolbox\toolbox_kalmantracker_opencv2.4.9\likalmantracker_v1.0.3\likalmantracker\likalmantracker.cpp(231): warning C4018: “<”: 有符号/无符号不匹配
     1>d:\output\vs_output\toolbox\toolbox_kalmantracker_opencv2.4.9\likalmantracker_v1.0.3\likalmantracker\likalmantracker.cpp(260): warning C4018: “<”: 有符号/无符号不匹配
     1>d:\output\vs_output\toolbox\toolbox_kalmantracker_opencv2.4.9\likalmantracker_v1.0.3\likalmantracker\likalmantracker.cpp(279): warning C4244: “参数”: 从“float”转换到“int”，可能丢失数据
     1>d:\output\vs_output\toolbox\toolbox_kalmantracker_opencv2.4.9\likalmantracker_v1.0.3\likalmantracker\likalmantracker.cpp(281): warning C4244: “参数”: 从“const float”转换到“int”，可能丢失数据
     1>d:\output\vs_output\toolbox\toolbox_kalmantracker_opencv2.4.9\likalmantracker_v1.0.3\likalmantracker\likalmantracker.cpp(282): warning C4244: “参数”: 从“const float”转换到“int”，可能丢失数据
         正在生成代码...
       Link:
         C:\Program Files (x86)\Microsoft Visual Studio 12.0\VC\bin\link.exe /ERRORREPORT:PROMPT /OUT:"D:\Output\VS_output\Toolbox\Toolbox_KalmanTracker_OpenCV2.4.9\liKalmanTracker_v1.0.3\Debug\liKalmanTracker.exe" /INCREMENTAL /NOLOGO opencv_ml249d.lib opencv_calib3d249d.lib opencv_contrib249d.lib opencv_core249d.lib opencv_features2d249d.lib opencv_flann249d.lib opencv_gpu249d.lib opencv_highgui249d.lib opencv_imgproc249d.lib opencv_legacy249d.lib opencv_objdetect249d.lib opencv_ts249d.lib opencv_video249d.lib opencv_nonfree249d.lib opencv_ocl249d.lib opencv_photo249d.lib opencv_stitching249d.lib opencv_superres249d.lib opencv_videostab249d.lib kernel32.lib user32.lib gdi32.lib winspool.lib comdlg32.lib advapi32.lib shell32.lib ole32.lib oleaut32.lib uuid.lib odbc32.lib odbccp32.lib /MANIFEST /MANIFESTUAC:"level='asInvoker' uiAccess='false'" /manifest:embed /DEBUG /PDB:"D:\Output\VS_output\Toolbox\Toolbox_KalmanTracker_OpenCV2.4.9\liKalmanTracker_v1.0.3\Debug\liKalmanTracker.pdb" /SUBSYSTEM:CONSOLE /TLBID:1 /DYNAMICBASE /NXCOMPAT /IMPLIB:"D:\Output\VS_output\Toolbox\Toolbox_KalmanTracker_OpenCV2.4.9\liKalmanTracker_v1.0.3\Debug\liKalmanTracker.lib" /MACHINE:X86 Debug\liFunction.obj
         Debug\liKalmanTracker.obj
         Debug\main.obj
         liKalmanTracker.vcxproj -> D:\Output\VS_output\Toolbox\Toolbox_KalmanTracker_OpenCV2.4.9\liKalmanTracker_v1.0.3\Debug\liKalmanTracker.exe
     1>已完成生成项目“D:\Output\VS_output\Toolbox\Toolbox_KalmanTracker_OpenCV2.4.9\liKalmanTracker_v1.0.3\liKalmanTracker\liKalmanTracker.vcxproj”(Build 个目标)的操作。

生成成功。

已用时间 00:00:02.21
